2022-02-25 16:04:01,827 mloop                DEBUG    MLOOP Logger configured.
2022-02-25 16:04:01,828 mloop.interfaces     DEBUG    Creating interface.
2022-02-25 16:04:25,732 mloop.interfaces     DEBUG    Creating interface.
2022-02-25 16:04:54,453 mloop.interfaces     DEBUG    Creating interface.
2022-02-25 16:05:11,795 mloop.interfaces     DEBUG    Creating interface.
2022-02-25 16:07:14,781 mloop.interfaces     DEBUG    Creating interface.
2022-02-25 16:07:14,784 mloop.controllers    DEBUG    Controller init completed.
2022-02-25 16:07:14,787 mloop.learners.1     DEBUG    Learner init completed.
2022-02-25 16:07:14,815 mloop.learners.2     DEBUG    Learner init completed.
2022-02-25 16:07:14,815 mloop.controllers    INFO     Optimization started.
2022-02-25 16:07:14,819 mloop.interfaces     DEBUG    Entering main loop of interface.
2022-02-25 16:07:14,821 mloop.controllers    DEBUG    ML learner started.
2022-02-25 16:07:14,905 mloop.controllers    DEBUG    Starting training optimization.
2022-02-25 16:07:14,906 mloop.controllers    INFO     Run:1 (training)
2022-02-25 16:07:14,908 mloop.controllers    INFO     params [2.12390266 2.89366582 0.89789193 6.51453895]
2022-02-25 16:07:21,581 mloop.controllers    INFO     cost -33548.78125 +/- 0.0
2022-02-25 16:07:21,582 mloop.controllers    INFO     Run:2 (training)
2022-02-25 16:07:21,585 mloop.controllers    INFO     params [1.31436212 1.49720867 0.08209253 9.67558648]
2022-02-25 16:07:28,066 mloop.controllers    INFO     cost -33560.19921875 +/- 0.0
2022-02-25 16:07:28,067 mloop.controllers    INFO     Run:3 (training)
2022-02-25 16:07:28,069 mloop.controllers    INFO     params [2.94653107 2.04127621 1.29612343 2.86209745]
2022-02-25 16:07:34,683 mloop.controllers    INFO     cost -33481.52734375 +/- 0.0
2022-02-25 16:07:34,684 mloop.controllers    INFO     Run:4 (training)
2022-02-25 16:07:34,686 mloop.controllers    INFO     params [1.43928356 0.78135315 1.04297148 6.11965073]
2022-02-25 16:07:41,285 mloop.controllers    INFO     cost -33481.52734375 +/- 0.0
2022-02-25 16:07:41,286 mloop.controllers    INFO     Run:5 (training)
2022-02-25 16:07:41,289 mloop.controllers    INFO     params [ 0.25643302  1.91675764 -1.65495497  8.38269422]
2022-02-25 16:07:47,967 mloop.controllers    INFO     cost -33481.52734375 +/- 0.0
2022-02-25 16:07:47,968 mloop.controllers    INFO     Run:6 (training)
2022-02-25 16:07:47,970 mloop.controllers    INFO     params [0.32681899 2.54316778 1.91233361 6.31291847]
2022-02-25 16:07:54,648 mloop.controllers    INFO     cost -33481.52734375 +/- 0.0
2022-02-25 16:07:54,649 mloop.controllers    INFO     Run:7 (training)
2022-02-25 16:07:54,652 mloop.controllers    INFO     params [2.60094584 2.86982113 0.45812028 6.85509659]
2022-02-25 16:08:01,196 mloop.controllers    INFO     cost -33546.26171875 +/- 0.0
2022-02-25 16:08:01,197 mloop.controllers    INFO     Run:8 (training)
2022-02-25 16:08:01,199 mloop.controllers    INFO     params [ 1.46683128  0.09705248 -0.88174254  8.71077801]
2022-02-25 16:08:07,987 mloop.controllers    INFO     cost -33481.52734375 +/- 0.0
2022-02-25 16:08:07,988 mloop.controllers    INFO     Run:9 (training)
2022-02-25 16:08:07,991 mloop.controllers    INFO     params [2.62494833 2.738352   1.65261098 9.5585075 ]
2022-02-25 16:08:14,910 mloop.controllers    INFO     cost -33481.52734375 +/- 0.0
2022-02-25 16:08:14,912 mloop.controllers    INFO     Run:10 (training)
2022-02-25 16:08:14,914 mloop.controllers    INFO     params [2.26622816 1.05687959 0.14747107 7.44619557]
2022-02-25 16:08:22,204 mloop.controllers    INFO     cost -33558.1015625 +/- 0.0
2022-02-25 16:08:22,205 mloop.controllers    INFO     Run:11 (training)
2022-02-25 16:08:22,206 mloop.controllers    INFO     params [ 1.82467809  1.43551657 -0.55854196  6.51887345]
2022-02-25 16:08:22,207 mloop.controllers    DEBUG    Starting ML optimization.
2022-02-25 16:08:29,042 mloop.controllers    INFO     cost -33558.203125 +/- 0.0
2022-02-25 16:08:29,046 mloop.controllers    DEBUG    End training runs.
2022-02-25 16:08:29,047 mloop.controllers    INFO     Run:12 (trainer)
2022-02-25 16:08:29,049 mloop.controllers    INFO     params [0.20257597 0.27810995 0.62703769 3.07190524]
2022-02-25 16:08:35,846 mloop.controllers    INFO     cost -33481.52734375 +/- 0.0
2022-02-25 16:08:35,848 mloop.controllers    INFO     Run:13 (machine learner)
2022-02-25 16:08:35,849 mloop.controllers    INFO     params [ 1.63751618  2.32555963 -0.44201967  6.43234595]
2022-02-25 16:08:42,546 mloop.controllers    INFO     cost -33555.8984375 +/- 0.0
2022-02-25 16:08:42,548 mloop.controllers    INFO     Run:14 (machine learner)
2022-02-25 16:08:42,551 mloop.controllers    INFO     params [ 2.17857918  2.99276609 -0.56808076  3.44122807]
2022-02-25 16:08:49,106 mloop.controllers    INFO     cost -33535.078125 +/- 0.0
2022-02-25 16:08:49,107 mloop.controllers    INFO     Run:15 (machine learner)
2022-02-25 16:08:49,108 mloop.controllers    INFO     params [ 0.52153786  3.         -0.60332707  3.73034622]
2022-02-25 16:08:55,816 mloop.controllers    INFO     cost -33559.78515625 +/- 0.0
2022-02-25 16:08:55,817 mloop.controllers    INFO     Run:16 (machine learner)
2022-02-25 16:08:55,818 mloop.controllers    INFO     params [ 2.01206404  1.54841918 -0.27636161  3.35832022]
2022-02-25 16:09:02,448 mloop.controllers    INFO     cost -33548.6875 +/- 0.0
2022-02-25 16:09:02,450 mloop.controllers    INFO     Run:17 (trainer)
2022-02-25 16:09:02,452 mloop.controllers    INFO     params [ 1.69014844  0.96164317 -1.17414529  1.12002205]
2022-02-25 16:09:08,974 mloop.controllers    INFO     cost -33481.52734375 +/- 0.0
2022-02-25 16:09:08,976 mloop.controllers    INFO     Run:18 (machine learner)
2022-02-25 16:09:08,978 mloop.controllers    INFO     params [0.8187931  1.49720866 0.08209253 9.7199439 ]
2022-02-25 16:09:15,603 mloop.controllers    INFO     cost -33560.47265625 +/- 0.0
2022-02-25 16:09:15,605 mloop.controllers    INFO     Run:19 (machine learner)
2022-02-25 16:09:15,607 mloop.controllers    INFO     params [2.38231679 2.56189097 1.00631381 7.17838908]
2022-02-25 16:09:22,107 mloop.controllers    INFO     cost -33481.52734375 +/- 0.0
2022-02-25 16:09:22,108 mloop.controllers    INFO     Run:20 (machine learner)
2022-02-25 16:09:22,110 mloop.controllers    INFO     params [ 1.90286246  2.79555745 -0.76094684  7.14993436]
2022-02-25 16:09:28,861 mloop.controllers    INFO     cost -33558.25390625 +/- 0.0
2022-02-25 16:09:28,862 mloop.controllers    INFO     Run:21 (machine learner)
2022-02-25 16:09:28,864 mloop.controllers    INFO     params [1.18820996 1.49720866 0.08209253 9.68687029]
2022-02-25 16:09:35,455 mloop.controllers    INFO     cost -33560.4296875 +/- 0.0
2022-02-25 16:09:35,457 mloop.controllers    INFO     Run:22 (trainer)
2022-02-25 16:09:35,459 mloop.controllers    INFO     params [2.89888385 0.27892329 1.04986532 4.82476921]
2022-02-25 16:09:42,000 mloop.controllers    INFO     cost -33481.52734375 +/- 0.0
2022-02-25 16:09:42,000 mloop.controllers    INFO     Run:23 (machine learner)
2022-02-25 16:09:42,002 mloop.controllers    INFO     params [0.831515   1.50856208 0.08894339 9.74726666]
2022-02-25 16:09:48,620 mloop.controllers    INFO     cost -33560.53515625 +/- 0.0
2022-02-25 16:09:48,621 mloop.controllers    INFO     Run:24 (machine learner)
2022-02-25 16:09:48,623 mloop.controllers    INFO     params [ 0.97869381  1.65141733  0.16542152 10.        ]
2022-02-25 16:09:55,053 mloop.controllers    INFO     cost -33560.46875 +/- 0.0
2022-02-25 16:09:55,055 mloop.controllers    INFO     Run:25 (machine learner)
2022-02-25 16:09:55,057 mloop.controllers    INFO     params [ 1.14490925  2.72512396 -0.79315545  6.53974554]
2022-02-25 16:10:01,574 mloop.controllers    INFO     cost -33560.10546875 +/- 0.0
2022-02-25 16:10:01,575 mloop.controllers    INFO     Run:26 (machine learner)
2022-02-25 16:10:01,577 mloop.controllers    INFO     params [0.81879216 1.49720573 0.08209253 9.71994391]
2022-02-25 16:10:08,257 mloop.controllers    INFO     cost -33560.4765625 +/- 0.0
2022-02-25 16:10:08,258 mloop.controllers    INFO     Run:27 (trainer)
2022-02-25 16:10:08,261 mloop.controllers    INFO     params [ 1.88717526  0.63361503 -0.68660589  9.28614861]
2022-02-25 16:10:14,896 mloop.controllers    INFO     cost -33481.52734375 +/- 0.0
2022-02-25 16:10:14,896 mloop.controllers    INFO     Run:28 (machine learner)
2022-02-25 16:10:14,898 mloop.controllers    INFO     params [ 1.41175009  0.01453213 -0.62430157  6.68487738]
2022-02-25 16:10:21,660 mloop.controllers    INFO     cost -33481.52734375 +/- 0.0
2022-02-25 16:10:21,662 mloop.controllers    INFO     Run:29 (machine learner)
2022-02-25 16:10:21,663 mloop.controllers    INFO     params [0.77697632 1.55165177 0.81664559 9.74726667]
2022-02-25 16:10:28,486 mloop.controllers    INFO     cost -33549.53125 +/- 0.0
2022-02-25 16:10:28,487 mloop.controllers    INFO     Run:30 (machine learner)
2022-02-25 16:10:28,489 mloop.controllers    INFO     params [0.80192067 1.55196486 0.29933144 9.74726666]
2022-02-25 16:10:35,103 mloop.controllers    INFO     cost -33560.26171875 +/- 0.0
2022-02-25 16:10:35,104 mloop.controllers    INFO     Run:31 (machine learner)
2022-02-25 16:10:35,106 mloop.controllers    INFO     params [0.         2.37530739 0.1497164  9.74726666]
2022-02-25 16:10:41,629 mloop.controllers    INFO     cost -33558.125 +/- 0.0
2022-02-25 16:10:41,630 mloop.controllers    INFO     Run:32 (trainer)
2022-02-25 16:10:41,633 mloop.controllers    INFO     params [ 0.52623397  2.21894405 -1.92186453  9.22677992]
2022-02-25 16:10:48,290 mloop.controllers    INFO     cost -33481.52734375 +/- 0.0
2022-02-25 16:10:48,292 mloop.controllers    INFO     Run:33 (machine learner)
2022-02-25 16:10:48,294 mloop.controllers    INFO     params [ 0.15584501  0.83123204 -0.45723841  2.18018738]
2022-02-25 16:10:54,821 mloop.controllers    INFO     cost -33560.4375 +/- 0.0
2022-02-25 16:10:54,822 mloop.controllers    INFO     Run:34 (machine learner)
2022-02-25 16:10:54,823 mloop.controllers    INFO     params [0.20850436 0.49333609 0.39753227 9.74726666]
2022-02-25 16:11:01,454 mloop.controllers    INFO     cost -33557.625 +/- 0.0
2022-02-25 16:11:01,456 mloop.controllers    INFO     Run:35 (machine learner)
2022-02-25 16:11:01,457 mloop.controllers    INFO     params [ 2.13789299  0.         -2.          5.70152969]
2022-02-25 16:11:08,133 mloop.controllers    INFO     cost -33481.52734375 +/- 0.0
2022-02-25 16:11:08,135 mloop.controllers    INFO     Run:36 (machine learner)
2022-02-25 16:11:08,137 mloop.controllers    INFO     params [ 0.27813918  3.         -0.65378151  9.40451707]
2022-02-25 16:11:14,754 mloop.controllers    INFO     cost -33560.2109375 +/- 0.0
2022-02-25 16:11:14,757 mloop.controllers    INFO     Run:37 (trainer)
2022-02-25 16:11:14,758 mloop.controllers    INFO     params [2.24336677 2.77761711 0.94789819 2.3201534 ]
2022-02-25 16:11:21,366 mloop.controllers    INFO     cost -33481.52734375 +/- 0.0
2022-02-25 16:11:21,368 mloop.controllers    INFO     Run:38 (machine learner)
2022-02-25 16:11:21,369 mloop.controllers    INFO     params [0.         0.7291633  0.05806656 9.74726669]
2022-02-25 16:11:28,039 mloop.controllers    INFO     cost -33558.2421875 +/- 0.0
2022-02-25 16:11:28,040 mloop.controllers    INFO     Run:39 (machine learner)
2022-02-25 16:11:28,042 mloop.controllers    INFO     params [0.         0.74847301 0.05234925 9.74726672]
2022-02-25 16:11:34,658 mloop.controllers    INFO     cost -33557.96875 +/- 0.0
2022-02-25 16:11:34,659 mloop.controllers    INFO     Run:40 (machine learner)
2022-02-25 16:11:34,661 mloop.controllers    INFO     params [0.         0.77133518 0.05852927 9.74726666]
2022-02-25 16:11:41,066 mloop.controllers    INFO     cost -33558.0234375 +/- 0.0
2022-02-25 16:11:41,068 mloop.controllers    INFO     Run:41 (machine learner)
2022-02-25 16:11:41,069 mloop.controllers    INFO     params [0.         0.70774788 0.07923686 8.19008872]
2022-02-25 16:11:47,516 mloop.controllers    INFO     cost -33558.0234375 +/- 0.0
2022-02-25 16:11:47,518 mloop.controllers    INFO     Run:42 (trainer)
2022-02-25 16:11:47,520 mloop.controllers    INFO     params [1.40234473 0.13495404 1.83719634 9.51945566]
2022-02-25 16:11:54,049 mloop.controllers    INFO     cost -33481.52734375 +/- 0.0
2022-02-25 16:11:54,050 mloop.controllers    INFO     Run:43 (machine learner)
2022-02-25 16:11:54,052 mloop.controllers    INFO     params [1.19610691 0.36009513 0.23874762 6.74073546]
2022-02-25 16:12:00,706 mloop.controllers    INFO     cost -33552.16796875 +/- 0.0
2022-02-25 16:12:00,708 mloop.controllers    INFO     Run:44 (machine learner)
2022-02-25 16:12:00,709 mloop.controllers    INFO     params [0.95650355 0.         0.24367356 9.74953887]
2022-02-25 16:12:07,294 mloop.controllers    INFO     cost -33481.52734375 +/- 0.0
2022-02-25 16:12:07,296 mloop.controllers    INFO     Run:45 (machine learner)
2022-02-25 16:12:07,298 mloop.controllers    INFO     params [1.13718909 0.         0.24479822 9.75256584]
2022-02-25 16:12:13,889 mloop.controllers    INFO     cost -33481.52734375 +/- 0.0
2022-02-25 16:12:13,891 mloop.controllers    INFO     Run:46 (machine learner)
2022-02-25 16:12:13,893 mloop.controllers    INFO     params [ 1.71426617  0.66391522 -0.51339368  2.53481411]
2022-02-25 16:12:20,691 mloop.controllers    INFO     cost -33481.52734375 +/- 0.0
2022-02-25 16:12:20,693 mloop.controllers    INFO     Run:47 (trainer)
2022-02-25 16:12:20,695 mloop.controllers    INFO     params [ 1.68198226  0.91271781 -1.25104651  6.48860901]
2022-02-25 16:12:27,392 mloop.controllers    INFO     cost -33481.52734375 +/- 0.0
2022-02-25 16:12:27,393 mloop.controllers    INFO     Run:48 (machine learner)
2022-02-25 16:12:27,395 mloop.controllers    INFO     params [0.78968932 0.7279174  0.70436892 7.79431506]
2022-02-25 16:12:34,058 mloop.controllers    INFO     cost -33481.52734375 +/- 0.0
2022-02-25 16:12:34,058 mloop.controllers    INFO     Run:49 (machine learner)
2022-02-25 16:12:34,060 mloop.controllers    INFO     params [ 0.22152673  2.32365012 -1.228681    9.77355728]
2022-02-25 16:12:40,674 mloop.controllers    INFO     cost -33560.328125 +/- 0.0
2022-02-25 16:12:40,676 mloop.controllers    INFO     Run:50 (machine learner)
2022-02-25 16:12:40,677 mloop.controllers    INFO     params [ 2.47267009  1.54608974 -1.00479388  0.62251913]
2022-02-25 16:12:47,360 mloop.controllers    INFO     cost -33481.52734375 +/- 0.0
2022-02-25 16:12:47,362 mloop.controllers    INFO     Run:51 (machine learner)
2022-02-25 16:12:47,364 mloop.controllers    INFO     params [0.831515   1.50856208 0.08894339 9.74726666]
2022-02-25 16:12:54,228 mloop.controllers    INFO     cost -33560.546875 +/- 0.0
2022-02-25 16:12:54,230 mloop.controllers    INFO     Run:52 (trainer)
2022-02-25 16:12:54,232 mloop.controllers    INFO     params [ 1.07402766  1.68899191 -0.5876565   9.21915023]
2022-02-25 16:13:01,040 mloop.controllers    INFO     cost -33560.46875 +/- 0.0
2022-02-25 16:13:01,041 mloop.controllers    INFO     Run:53 (machine learner)
2022-02-25 16:13:01,042 mloop.controllers    INFO     params [1.55020415 1.44310269 0.64506618 8.20664886]
2022-02-25 16:13:07,862 mloop.controllers    INFO     cost -33550.2578125 +/- 0.0
2022-02-25 16:13:07,863 mloop.controllers    INFO     Run:54 (machine learner)
2022-02-25 16:13:07,864 mloop.controllers    INFO     params [0.831515   2.23348908 0.08894339 9.74726666]
2022-02-25 16:13:14,754 mloop.controllers    INFO     cost -33560.5234375 +/- 0.0
2022-02-25 16:13:14,755 mloop.controllers    INFO     Run:55 (machine learner)
2022-02-25 16:13:14,757 mloop.controllers    INFO     params [1.22976699 0.49961368 1.06093541 8.06884523]
2022-02-25 16:13:21,611 mloop.controllers    INFO     cost -33481.52734375 +/- 0.0
2022-02-25 16:13:21,612 mloop.controllers    INFO     Run:56 (machine learner)
2022-02-25 16:13:21,613 mloop.controllers    INFO     params [0.831515   1.50856208 0.08894339 9.74726666]
2022-02-25 16:13:28,365 mloop.controllers    INFO     cost -33560.4765625 +/- 0.0
2022-02-25 16:13:28,366 mloop.controllers    INFO     Run:57 (trainer)
2022-02-25 16:13:28,368 mloop.controllers    INFO     params [ 1.57704921  1.1096142  -0.8929958   1.76201269]
2022-02-25 16:13:35,435 mloop.controllers    INFO     cost -33481.52734375 +/- 0.0
2022-02-25 16:13:35,436 mloop.controllers    INFO     Run:58 (machine learner)
2022-02-25 16:13:35,437 mloop.controllers    INFO     params [ 0.          1.0904186  -0.30675716  1.39767557]
2022-02-25 16:13:42,041 mloop.controllers    INFO     cost -33557.5859375 +/- 0.0
2022-02-25 16:13:42,042 mloop.controllers    INFO     Run:59 (machine learner)
2022-02-25 16:13:42,045 mloop.controllers    INFO     params [ 0.          1.10446095 -0.25884192  0.        ]
2022-02-25 16:13:48,919 mloop.controllers    INFO     cost -3791.34375 +/- 0.0
2022-02-25 16:13:48,921 mloop.controllers    INFO     Run:60 (machine learner)
2022-02-25 16:13:48,923 mloop.controllers    INFO     params [ 0.          1.11853087 -0.21834774  0.        ]
2022-02-25 16:13:55,561 mloop.controllers    INFO     cost -4201.18212890625 +/- 0.0
2022-02-25 16:13:55,563 mloop.controllers    INFO     Run:61 (machine learner)
2022-02-25 16:13:55,565 mloop.controllers    INFO     params [ 0.          1.06256306 -0.34170422  2.49421223]
2022-02-25 16:14:02,237 mloop.controllers    INFO     cost -33557.375 +/- 0.0
2022-02-25 16:14:02,239 mloop.controllers    INFO     Run:62 (trainer)
2022-02-25 16:14:02,242 mloop.controllers    INFO     params [1.51400293 0.82298075 1.94417717 3.98294691]
2022-02-25 16:14:09,076 mloop.controllers    INFO     cost -33481.52734375 +/- 0.0
2022-02-25 16:14:09,078 mloop.controllers    INFO     Run:63 (machine learner)
2022-02-25 16:14:09,079 mloop.controllers    INFO     params [ 2.3715735   1.68693538 -0.49101683  0.79473029]
2022-02-25 16:14:15,868 mloop.controllers    INFO     cost -33483.58203125 +/- 0.0
2022-02-25 16:14:15,870 mloop.controllers    INFO     Run:64 (machine learner)
2022-02-25 16:14:15,872 mloop.controllers    INFO     params [2.06297091 2.86303516 0.27866118 5.18056628]
2022-02-25 16:14:22,434 mloop.controllers    INFO     cost -33543.10546875 +/- 0.0
2022-02-25 16:14:22,436 mloop.controllers    INFO     Run:65 (machine learner)
2022-02-25 16:14:22,438 mloop.controllers    INFO     params [ 0.08333403  2.30426195 -1.69078363  4.37798791]
2022-02-25 16:14:28,977 mloop.controllers    INFO     cost -33560.3828125 +/- 0.0
2022-02-25 16:14:28,978 mloop.controllers    INFO     Run:66 (machine learner)
2022-02-25 16:14:28,979 mloop.controllers    INFO     params [ 1.979951    1.76787646 -0.49926102  4.41199831]
2022-02-25 16:14:35,547 mloop.controllers    INFO     cost -33554.0234375 +/- 0.0
2022-02-25 16:14:35,549 mloop.controllers    INFO     Run:67 (trainer)
2022-02-25 16:14:35,553 mloop.controllers    INFO     params [2.72782997 2.95943377 0.22421932 0.16646687]
2022-02-25 16:14:42,079 mloop.controllers    INFO     cost -33481.52734375 +/- 0.0
2022-02-25 16:14:42,081 mloop.controllers    INFO     Run:68 (machine learner)
2022-02-25 16:14:42,083 mloop.controllers    INFO     params [ 0.02310548  2.31918458 -0.22948984  5.41487752]
2022-02-25 16:14:48,683 mloop.controllers    INFO     cost -33558.2578125 +/- 0.0
2022-02-25 16:14:48,684 mloop.controllers    INFO     Run:69 (machine learner)
2022-02-25 16:14:48,686 mloop.controllers    INFO     params [ 0.88958822  0.03973834 -0.45423129  4.5954044 ]
2022-02-25 16:14:55,443 mloop.controllers    INFO     cost -33481.52734375 +/- 0.0
2022-02-25 16:14:55,444 mloop.controllers    INFO     Run:70 (machine learner)
2022-02-25 16:14:55,446 mloop.controllers    INFO     params [0.62588811 2.25561848 1.34807285 4.60004384]
2022-02-25 16:15:02,137 mloop.controllers    INFO     cost -33481.52734375 +/- 0.0
2022-02-25 16:15:02,138 mloop.controllers    INFO     Run:71 (machine learner)
2022-02-25 16:15:02,140 mloop.controllers    INFO     params [ 2.26943439  0.86890477 -1.38186958  1.98258527]
2022-02-25 16:15:08,822 mloop.controllers    INFO     cost -33481.52734375 +/- 0.0
2022-02-25 16:15:08,824 mloop.controllers    INFO     Run:72 (trainer)
2022-02-25 16:15:08,827 mloop.controllers    INFO     params [2.1619913  2.80124586 1.13071495 5.16400412]
2022-02-25 16:15:15,447 mloop.controllers    INFO     cost -33481.52734375 +/- 0.0
2022-02-25 16:15:15,449 mloop.controllers    INFO     Run:73 (machine learner)
2022-02-25 16:15:15,452 mloop.controllers    INFO     params [0.         1.06639927 2.         1.35038328]
2022-02-25 16:15:22,082 mloop.controllers    INFO     cost -33557.359375 +/- 0.0
2022-02-25 16:15:22,083 mloop.controllers    INFO     Run:74 (machine learner)
2022-02-25 16:15:22,084 mloop.controllers    INFO     params [0.         2.77669002 2.         1.34407254]
2022-02-25 16:15:28,641 mloop.controllers    INFO     cost -33557.546875 +/- 0.0
2022-02-25 16:15:28,642 mloop.controllers    INFO     Run:75 (machine learner)
2022-02-25 16:15:28,643 mloop.controllers    INFO     params [3. 0. 2. 0.]
2022-02-25 16:15:35,291 mloop.controllers    INFO     cost -5460.96240234375 +/- 0.0
2022-02-25 16:15:35,293 mloop.controllers    INFO     Run:76 (machine learner)
2022-02-25 16:15:35,295 mloop.controllers    INFO     params [0.         1.5622645  2.         1.35750247]
2022-02-25 16:15:42,095 mloop.controllers    INFO     cost -33557.4453125 +/- 0.0
2022-02-25 16:15:42,097 mloop.controllers    INFO     Run:77 (trainer)
2022-02-25 16:15:42,100 mloop.controllers    INFO     params [0.51028822 0.76195808 0.04398974 6.44110359]
2022-02-25 16:15:49,247 mloop.controllers    INFO     cost -33560.296875 +/- 0.0
2022-02-25 16:15:49,249 mloop.controllers    INFO     Run:78 (machine learner)
2022-02-25 16:15:49,250 mloop.controllers    INFO     params [5.08628473e-03 0.00000000e+00 6.19642736e-01 7.33521976e+00]
2022-02-25 16:15:55,863 mloop.controllers    INFO     cost -33558.015625 +/- 0.0
2022-02-25 16:15:55,865 mloop.controllers    INFO     Run:79 (machine learner)
2022-02-25 16:15:55,866 mloop.controllers    INFO     params [1.94309122 0.         1.88734716 0.78726566]
2022-02-25 16:16:02,454 mloop.controllers    INFO     cost -33481.52734375 +/- 0.0
2022-02-25 16:16:02,455 mloop.controllers    INFO     Run:80 (machine learner)
2022-02-25 16:16:02,456 mloop.controllers    INFO     params [ 0.36841792  3.         -0.98214679  0.49612864]
2022-02-25 16:16:08,962 mloop.controllers    INFO     cost -33481.52734375 +/- 0.0
2022-02-25 16:16:08,964 mloop.controllers    INFO     Run:81 (machine learner)
2022-02-25 16:16:08,965 mloop.controllers    INFO     params [1.89178587 3.         0.67322592 0.45036881]
2022-02-25 16:16:15,408 mloop.controllers    INFO     cost -33481.52734375 +/- 0.0
2022-02-25 16:16:15,410 mloop.controllers    INFO     Controller finished. Closing down M-LOOP. Please wait a moment...
2022-02-25 16:16:15,411 mloop.controllers    DEBUG    ML learner end set.
2022-02-25 16:16:17,665 mloop.controllers    DEBUG    ML learner joined
2022-02-25 16:16:17,666 mloop.controllers    DEBUG    Learner end event set.
2022-02-25 16:16:17,667 mloop.controllers    DEBUG    Interface end event set.
2022-02-25 16:16:18,392 mloop.learners.1     DEBUG    Learner end signal received. Ending
2022-02-25 16:16:18,394 mloop.controllers    DEBUG    Learner joined.
2022-02-25 16:16:18,424 mloop.interfaces     DEBUG    Interface ended
2022-02-25 16:16:18,425 mloop.controllers    DEBUG    Interface joined.
2022-02-25 16:16:18,435 mloop.controllers    INFO     Optimization ended because:-
2022-02-25 16:16:18,436 mloop.controllers    INFO     Maximum number of runs without better params reached.
2022-02-25 16:16:18,438 mloop.controllers    INFO     Results:-
2022-02-25 16:16:18,440 mloop.controllers    INFO     Best parameters found:[0.831515   1.50856208 0.08894339 9.74726666]
2022-02-25 16:16:18,441 mloop.controllers    INFO     Best cost returned:-33560.546875 +/- 0.0
2022-02-25 16:16:18,442 mloop.controllers    INFO     Best run number:51
2022-02-25 16:16:18,443 mloop.controllers    INFO     Predicted best parameters:[3.         1.86010202 1.45893391 0.26255056]
2022-02-25 16:16:18,445 mloop.controllers    INFO     Predicted best cost:[-39383.65821972] +/- [2.87616014e-05]
2022-02-25 16:16:18,446 mloop.controllers    INFO     M-LOOP Done.
