2022-02-25 15:28:27,072 mloop                DEBUG    MLOOP Logger configured.
2022-02-25 15:28:27,073 mloop.interfaces     DEBUG    Creating interface.
2022-02-25 15:28:27,075 mloop.controllers    DEBUG    Controller init completed.
2022-02-25 15:28:27,076 mloop.learners.1     DEBUG    Learner init completed.
2022-02-25 15:28:27,078 mloop.learners.2     DEBUG    Learner init completed.
2022-02-25 15:28:27,079 mloop.controllers    INFO     Optimization started.
2022-02-25 15:28:27,081 mloop.interfaces     DEBUG    Entering main loop of interface.
2022-02-25 15:28:27,081 mloop.controllers    DEBUG    ML learner started.
2022-02-25 15:28:27,168 mloop.controllers    DEBUG    Starting training optimization.
2022-02-25 15:28:27,169 mloop.controllers    INFO     Run:1 (training)
2022-02-25 15:28:27,171 mloop.controllers    INFO     params [0.48177511 0.56208605 0.38540748 3.09171694]
2022-02-25 15:28:31,058 mloop.controllers    INFO     cost -20340.53515625 +/- 0.0
2022-02-25 15:28:31,060 mloop.controllers    INFO     Run:2 (training)
2022-02-25 15:28:31,062 mloop.controllers    INFO     params [ 2.92290515  0.49038253 -1.36459207  6.85488248]
2022-02-25 15:28:34,656 mloop.controllers    INFO     cost -20325.21484375 +/- 0.0
2022-02-25 15:28:34,657 mloop.controllers    INFO     Run:3 (training)
2022-02-25 15:28:34,659 mloop.controllers    INFO     params [1.14333854 0.13464285 0.72310177 4.6044385 ]
2022-02-25 15:28:38,143 mloop.controllers    INFO     cost -20325.21484375 +/- 0.0
2022-02-25 15:28:38,144 mloop.controllers    INFO     Run:4 (training)
2022-02-25 15:28:38,147 mloop.controllers    INFO     params [2.96179765 2.92690965 1.97977769 0.19055148]
2022-02-25 15:28:41,614 mloop.controllers    INFO     cost -20340.900390625 +/- 0.0
2022-02-25 15:28:41,615 mloop.controllers    INFO     Run:5 (training)
2022-02-25 15:28:41,618 mloop.controllers    INFO     params [ 0.27866035  2.61268035 -0.93413943  6.7889806 ]
2022-02-25 15:28:45,085 mloop.controllers    INFO     cost -20340.5390625 +/- 0.0
2022-02-25 15:28:45,086 mloop.controllers    INFO     Run:6 (training)
2022-02-25 15:28:45,088 mloop.controllers    INFO     params [0.83564597 1.75988701 1.93018833 3.24347131]
2022-02-25 15:28:48,528 mloop.controllers    INFO     cost -20325.21484375 +/- 0.0
2022-02-25 15:28:48,529 mloop.controllers    INFO     Run:7 (training)
2022-02-25 15:28:48,531 mloop.controllers    INFO     params [ 1.86771682  0.5641719  -0.43240122  3.83612035]
2022-02-25 15:28:51,949 mloop.controllers    INFO     cost -20325.21484375 +/- 0.0
2022-02-25 15:28:51,950 mloop.controllers    INFO     Run:8 (training)
2022-02-25 15:28:51,952 mloop.controllers    INFO     params [0.5873777  1.61898573 1.35948464 9.12567762]
2022-02-25 15:28:55,440 mloop.controllers    INFO     cost -20325.21484375 +/- 0.0
2022-02-25 15:28:55,441 mloop.controllers    INFO     Run:9 (training)
2022-02-25 15:28:55,443 mloop.controllers    INFO     params [1.65725531 2.47731302 0.02090418 5.17997078]
2022-02-25 15:28:58,880 mloop.controllers    INFO     cost -20334.8046875 +/- 0.0
2022-02-25 15:28:58,881 mloop.controllers    INFO     Run:10 (training)
2022-02-25 15:28:58,883 mloop.controllers    INFO     params [ 0.54348339  2.48837229 -0.74030231  0.6592232 ]
2022-02-25 15:29:02,355 mloop.controllers    INFO     cost -20330.904296875 +/- 0.0
2022-02-25 15:29:02,356 mloop.controllers    INFO     Run:11 (training)
2022-02-25 15:29:02,359 mloop.controllers    INFO     params [1.22832737 1.42431442 1.27606874 7.43970046]
2022-02-25 15:29:02,362 mloop.controllers    DEBUG    Starting ML optimization.
2022-02-25 15:29:05,767 mloop.controllers    INFO     cost -20325.21484375 +/- 0.0
2022-02-25 15:29:05,771 mloop.controllers    DEBUG    End training runs.
2022-02-25 15:29:05,772 mloop.controllers    INFO     Run:12 (trainer)
2022-02-25 15:29:05,775 mloop.controllers    INFO     params [0.99132181 0.82997226 1.29918468 9.59199403]
2022-02-25 15:29:09,508 mloop.controllers    INFO     cost -20325.21484375 +/- 0.0
2022-02-25 15:29:09,509 mloop.controllers    INFO     Run:13 (machine learner)
2022-02-25 15:29:09,511 mloop.controllers    INFO     params [ 0.          0.         -1.25157289  0.        ]
2022-02-25 15:29:12,923 mloop.controllers    INFO     cost -2600.338623046875 +/- 0.0
2022-02-25 15:29:12,924 mloop.controllers    INFO     Run:14 (machine learner)
2022-02-25 15:29:12,926 mloop.controllers    INFO     params [ 0.          0.         -1.00902709  0.84344801]
2022-02-25 15:29:16,390 mloop.controllers    INFO     cost -20330.03515625 +/- 0.0
2022-02-25 15:29:16,391 mloop.controllers    INFO     Run:15 (machine learner)
2022-02-25 15:29:16,393 mloop.controllers    INFO     params [ 0.28459841  0.         -1.95269048  0.        ]
2022-02-25 15:29:19,833 mloop.controllers    INFO     cost -3262.792236328125 +/- 0.0
2022-02-25 15:29:19,835 mloop.controllers    INFO     Run:16 (trainer)
2022-02-25 15:29:19,838 mloop.controllers    INFO     params [ 1.56632724  2.40426331 -1.83645405  4.76067861]
2022-02-25 15:29:23,371 mloop.controllers    INFO     cost -20325.21484375 +/- 0.0
2022-02-25 15:29:23,373 mloop.controllers    INFO     Run:17 (machine learner)
2022-02-25 15:29:23,375 mloop.controllers    INFO     params [ 2.60710547  3.          2.         10.        ]
2022-02-25 15:29:26,796 mloop.controllers    INFO     cost -20325.21484375 +/- 0.0
2022-02-25 15:29:26,797 mloop.controllers    INFO     Run:18 (machine learner)
2022-02-25 15:29:26,799 mloop.controllers    INFO     params [ 0.41728604  3.         -0.21805611  8.68244328]
2022-02-25 15:29:30,253 mloop.controllers    INFO     cost -20365.5625 +/- 0.0
2022-02-25 15:29:30,254 mloop.controllers    INFO     Run:19 (machine learner)
2022-02-25 15:29:30,256 mloop.controllers    INFO     params [ 1.02631728  3.          0.9054344  10.        ]
2022-02-25 15:29:33,699 mloop.controllers    INFO     cost -20363.630859375 +/- 0.0
2022-02-25 15:29:33,700 mloop.controllers    INFO     Run:20 (trainer)
2022-02-25 15:29:33,702 mloop.controllers    INFO     params [0.08865168 2.55758943 1.42347328 6.98474663]
2022-02-25 15:29:37,242 mloop.controllers    INFO     cost -20368.412109375 +/- 0.0
2022-02-25 15:29:37,243 mloop.controllers    INFO     Run:21 (machine learner)
2022-02-25 15:29:37,245 mloop.controllers    INFO     params [ 1.34908340e-04  3.00000000e+00 -1.94400000e+00  9.84753961e-01]
2022-02-25 15:29:40,688 mloop.controllers    INFO     cost -20328.833984375 +/- 0.0
2022-02-25 15:29:40,689 mloop.controllers    INFO     Run:22 (machine learner)
2022-02-25 15:29:40,690 mloop.controllers    INFO     params [ 0.          1.96290383  0.28880715 10.        ]
2022-02-25 15:29:44,298 mloop.controllers    INFO     cost -20368.97265625 +/- 0.0
2022-02-25 15:29:44,300 mloop.controllers    INFO     Run:23 (machine learner)
2022-02-25 15:29:44,302 mloop.controllers    INFO     params [ 0.54855352  2.41177888 -2.          1.55212872]
2022-02-25 15:29:47,929 mloop.controllers    INFO     cost -20325.21484375 +/- 0.0
2022-02-25 15:29:47,931 mloop.controllers    INFO     Run:24 (trainer)
2022-02-25 15:29:47,933 mloop.controllers    INFO     params [1.65601661 1.13984662 1.16968203 4.83262586]
2022-02-25 15:29:51,509 mloop.controllers    INFO     cost -20325.21484375 +/- 0.0
2022-02-25 15:29:51,510 mloop.controllers    INFO     Run:25 (machine learner)
2022-02-25 15:29:51,511 mloop.controllers    INFO     params [ 3.          0.         -1.1972797   2.21452547]
2022-02-25 15:29:55,091 mloop.controllers    INFO     cost -20325.21484375 +/- 0.0
2022-02-25 15:29:55,092 mloop.controllers    INFO     Run:26 (machine learner)
2022-02-25 15:29:55,094 mloop.controllers    INFO     params [ 0.          2.48851693  0.38663012 10.        ]
2022-02-25 15:29:58,679 mloop.controllers    INFO     cost -20368.802734375 +/- 0.0
2022-02-25 15:29:58,681 mloop.controllers    INFO     Run:27 (machine learner)
2022-02-25 15:29:58,682 mloop.controllers    INFO     params [2.24461023e-03 3.00000000e+00 8.33047665e-01 1.00000000e+01]
2022-02-25 15:30:02,210 mloop.controllers    INFO     cost -20368.89453125 +/- 0.0
2022-02-25 15:30:02,212 mloop.controllers    INFO     Run:28 (trainer)
2022-02-25 15:30:02,214 mloop.controllers    INFO     params [1.84131888 2.50679882 1.75318968 2.02877005]
2022-02-25 15:30:05,824 mloop.controllers    INFO     cost -20325.21484375 +/- 0.0
2022-02-25 15:30:05,825 mloop.controllers    INFO     Run:29 (machine learner)
2022-02-25 15:30:05,827 mloop.controllers    INFO     params [ 0.          0.         -1.97182506  5.90905094]
2022-02-25 15:30:09,263 mloop.controllers    INFO     cost -20368.97265625 +/- 0.0
2022-02-25 15:30:09,266 mloop.controllers    INFO     Run:30 (machine learner)
2022-02-25 15:30:09,267 mloop.controllers    INFO     params [ 0.          0.         -0.10574612  0.        ]
2022-02-25 15:30:12,771 mloop.controllers    INFO     cost -3469.47509765625 +/- 0.0
2022-02-25 15:30:12,772 mloop.controllers    INFO     Run:31 (machine learner)
2022-02-25 15:30:12,774 mloop.controllers    INFO     params [ 1.04112167  0.6770474  -2.          0.        ]
2022-02-25 15:30:16,314 mloop.controllers    INFO     cost -2048.587646484375 +/- 0.0
2022-02-25 15:30:16,315 mloop.controllers    INFO     Run:32 (trainer)
2022-02-25 15:30:16,318 mloop.controllers    INFO     params [2.63308766 1.54829116 0.6667751  4.24113717]
2022-02-25 15:30:20,274 mloop.controllers    INFO     cost -20326.419921875 +/- 0.0
2022-02-25 15:30:20,275 mloop.controllers    INFO     Run:33 (machine learner)
2022-02-25 15:30:20,277 mloop.controllers    INFO     params [ 0.          0.         -2.          1.43776795]
2022-02-25 15:30:23,863 mloop.controllers    INFO     cost -20330.001953125 +/- 0.0
2022-02-25 15:30:23,864 mloop.controllers    INFO     Run:34 (machine learner)
2022-02-25 15:30:23,866 mloop.controllers    INFO     params [0.         1.03786753 0.23388055 5.60504885]
2022-02-25 15:30:27,344 mloop.controllers    INFO     cost -20368.6484375 +/- 0.0
2022-02-25 15:30:27,345 mloop.controllers    INFO     Run:35 (machine learner)
2022-02-25 15:30:27,346 mloop.controllers    INFO     params [ 0.          2.78250461 -2.          0.        ]
2022-02-25 15:30:30,786 mloop.controllers    INFO     cost -2245.88916015625 +/- 0.0
2022-02-25 15:30:30,788 mloop.controllers    INFO     Run:36 (trainer)
2022-02-25 15:30:30,790 mloop.controllers    INFO     params [2.71244775 2.40177459 0.61724116 1.15835927]
2022-02-25 15:30:34,529 mloop.controllers    INFO     cost -20327.62890625 +/- 0.0
2022-02-25 15:30:34,531 mloop.controllers    INFO     Run:37 (machine learner)
2022-02-25 15:30:34,533 mloop.controllers    INFO     params [ 3.          3.         -1.19978409  2.05676429]
2022-02-25 15:30:37,989 mloop.controllers    INFO     cost -20325.21484375 +/- 0.0
2022-02-25 15:30:37,990 mloop.controllers    INFO     Run:38 (machine learner)
2022-02-25 15:30:37,991 mloop.controllers    INFO     params [1.7974495  3.         1.98051333 3.98534806]
2022-02-25 15:30:41,503 mloop.controllers    INFO     cost -20325.21484375 +/- 0.0
2022-02-25 15:30:41,505 mloop.controllers    INFO     Run:39 (machine learner)
2022-02-25 15:30:41,506 mloop.controllers    INFO     params [ 1.03190064  2.72509393 -2.          0.        ]
2022-02-25 15:30:44,953 mloop.controllers    INFO     cost -2718.548095703125 +/- 0.0
2022-02-25 15:30:44,955 mloop.controllers    INFO     Run:40 (trainer)
2022-02-25 15:30:44,957 mloop.controllers    INFO     params [ 1.81366449  0.07820387 -1.05980654  9.21703663]
2022-02-25 15:30:48,929 mloop.controllers    INFO     cost -20325.21484375 +/- 0.0
2022-02-25 15:30:48,930 mloop.controllers    INFO     Run:41 (machine learner)
2022-02-25 15:30:48,932 mloop.controllers    INFO     params [ 0.          3.         -2.          2.06380885]
2022-02-25 15:30:52,441 mloop.controllers    INFO     cost -20330.041015625 +/- 0.0
2022-02-25 15:30:52,443 mloop.controllers    INFO     Run:42 (machine learner)
2022-02-25 15:30:52,445 mloop.controllers    INFO     params [ 0.19460707  2.9675317  -2.          1.70017905]
2022-02-25 15:30:55,881 mloop.controllers    INFO     cost -20325.21484375 +/- 0.0
2022-02-25 15:30:55,883 mloop.controllers    INFO     Run:43 (machine learner)
2022-02-25 15:30:55,885 mloop.controllers    INFO     params [ 3.          3.         -2.          4.54510433]
2022-02-25 15:30:59,347 mloop.controllers    INFO     cost -20325.21484375 +/- 0.0
2022-02-25 15:30:59,348 mloop.controllers    INFO     Run:44 (trainer)
2022-02-25 15:30:59,350 mloop.controllers    INFO     params [ 0.92475096  1.47128814 -0.23857902  5.03394943]
2022-02-25 15:31:02,985 mloop.controllers    INFO     cost -20348.267578125 +/- 0.0
2022-02-25 15:31:02,987 mloop.controllers    INFO     Run:45 (machine learner)
2022-02-25 15:31:02,989 mloop.controllers    INFO     params [ 1.96966565  0.         -2.          1.24935917]
2022-02-25 15:31:06,470 mloop.controllers    INFO     cost -20325.21484375 +/- 0.0
2022-02-25 15:31:06,471 mloop.controllers    INFO     Run:46 (machine learner)
2022-02-25 15:31:06,474 mloop.controllers    INFO     params [ 1.73526069  0.         -1.99970076  3.53881293]
2022-02-25 15:31:09,910 mloop.controllers    INFO     cost -20325.21484375 +/- 0.0
2022-02-25 15:31:09,912 mloop.controllers    INFO     Run:47 (machine learner)
2022-02-25 15:31:09,913 mloop.controllers    INFO     params [ 0.49018368  0.56379511 -0.90976539  3.29851577]
2022-02-25 15:31:13,350 mloop.controllers    INFO     cost -20325.21484375 +/- 0.0
2022-02-25 15:31:13,352 mloop.controllers    INFO     Run:48 (trainer)
2022-02-25 15:31:13,355 mloop.controllers    INFO     params [ 0.7646248   0.3686453  -0.61146037  6.56087206]
2022-02-25 15:31:16,968 mloop.controllers    INFO     cost -20325.21484375 +/- 0.0
2022-02-25 15:31:16,970 mloop.controllers    INFO     Run:49 (machine learner)
2022-02-25 15:31:16,971 mloop.controllers    INFO     params [ 1.42033851  0.         -1.79943085  1.65799388]
2022-02-25 15:31:20,416 mloop.controllers    INFO     cost -20325.21484375 +/- 0.0
2022-02-25 15:31:20,417 mloop.controllers    INFO     Run:50 (machine learner)
2022-02-25 15:31:20,420 mloop.controllers    INFO     params [ 0.          0.28363803 -1.95447831 10.        ]
2022-02-25 15:31:23,868 mloop.controllers    INFO     cost -20369.060546875 +/- 0.0
2022-02-25 15:31:23,869 mloop.controllers    INFO     Run:51 (machine learner)
2022-02-25 15:31:23,870 mloop.controllers    INFO     params [ 3.          3.         -1.67809836  6.19125492]
2022-02-25 15:31:27,352 mloop.controllers    INFO     cost -20325.21484375 +/- 0.0
2022-02-25 15:31:27,354 mloop.controllers    INFO     Run:52 (trainer)
2022-02-25 15:31:27,357 mloop.controllers    INFO     params [ 2.50406894  0.10838379 -0.37755974  6.40649946]
2022-02-25 15:31:30,865 mloop.controllers    INFO     cost -20325.21484375 +/- 0.0
2022-02-25 15:31:30,867 mloop.controllers    INFO     Run:53 (machine learner)
2022-02-25 15:31:30,868 mloop.controllers    INFO     params [ 3.          3.         -2.          3.61297602]
2022-02-25 15:31:34,361 mloop.controllers    INFO     cost -20325.21484375 +/- 0.0
2022-02-25 15:31:34,362 mloop.controllers    INFO     Run:54 (machine learner)
2022-02-25 15:31:34,364 mloop.controllers    INFO     params [ 2.62562793  0.         -2.          0.        ]
2022-02-25 15:31:37,807 mloop.controllers    INFO     cost -2577.712158203125 +/- 0.0
2022-02-25 15:31:37,808 mloop.controllers    INFO     Run:55 (machine learner)
2022-02-25 15:31:37,810 mloop.controllers    INFO     params [0.         0.         2.         2.19192348]
2022-02-25 15:31:41,265 mloop.controllers    INFO     cost -20331.240234375 +/- 0.0
2022-02-25 15:31:41,267 mloop.controllers    INFO     Run:56 (trainer)
2022-02-25 15:31:41,269 mloop.controllers    INFO     params [2.17656941 2.8773816  0.95271178 9.74923034]
2022-02-25 15:31:45,072 mloop.controllers    INFO     cost -20339.41796875 +/- 0.0
2022-02-25 15:31:45,073 mloop.controllers    INFO     Run:57 (machine learner)
2022-02-25 15:31:45,075 mloop.controllers    INFO     params [2.59796258 2.07374033 1.72010348 1.65757641]
2022-02-25 15:31:48,587 mloop.controllers    INFO     cost -20325.21484375 +/- 0.0
2022-02-25 15:31:48,589 mloop.controllers    INFO     Run:58 (machine learner)
2022-02-25 15:31:48,590 mloop.controllers    INFO     params [0.64533196 3.         1.55607379 5.93074059]
2022-02-25 15:31:52,026 mloop.controllers    INFO     cost -20325.21484375 +/- 0.0
2022-02-25 15:31:52,027 mloop.controllers    INFO     Run:59 (machine learner)
2022-02-25 15:31:52,029 mloop.controllers    INFO     params [ 0.17640529  0.         -1.74777328  2.24719131]
2022-02-25 15:31:55,507 mloop.controllers    INFO     cost -20325.21484375 +/- 0.0
2022-02-25 15:31:55,509 mloop.controllers    INFO     Run:60 (trainer)
2022-02-25 15:31:55,511 mloop.controllers    INFO     params [1.36686057 1.8673921  1.69737161 0.08559389]
2022-02-25 15:31:59,324 mloop.controllers    INFO     cost -19655.32421875 +/- 0.0
2022-02-25 15:31:59,325 mloop.controllers    INFO     Run:61 (machine learner)
2022-02-25 15:31:59,327 mloop.controllers    INFO     params [ 1.82766608  0.         -1.49029503  1.6930452 ]
2022-02-25 15:32:02,772 mloop.controllers    INFO     cost -20325.21484375 +/- 0.0
2022-02-25 15:32:02,773 mloop.controllers    INFO     Run:62 (machine learner)
2022-02-25 15:32:02,774 mloop.controllers    INFO     params [ 2.55416798  3.         -2.         10.        ]
2022-02-25 15:32:06,192 mloop.controllers    INFO     cost -20325.21484375 +/- 0.0
2022-02-25 15:32:06,194 mloop.controllers    INFO     Run:63 (machine learner)
2022-02-25 15:32:06,196 mloop.controllers    INFO     params [ 0.          0.         -0.55854903  2.53870427]
2022-02-25 15:32:09,710 mloop.controllers    INFO     cost -20335.896484375 +/- 0.0
2022-02-25 15:32:09,711 mloop.controllers    INFO     Run:64 (trainer)
2022-02-25 15:32:09,714 mloop.controllers    INFO     params [0.98758341 0.17065994 0.52283663 5.92324283]
2022-02-25 15:32:13,583 mloop.controllers    INFO     cost -20325.21484375 +/- 0.0
2022-02-25 15:32:13,584 mloop.controllers    INFO     Run:65 (machine learner)
2022-02-25 15:32:13,586 mloop.controllers    INFO     params [0.         3.         0.32465335 2.57105771]
2022-02-25 15:32:17,188 mloop.controllers    INFO     cost -20333.525390625 +/- 0.0
2022-02-25 15:32:17,189 mloop.controllers    INFO     Run:66 (machine learner)
2022-02-25 15:32:17,190 mloop.controllers    INFO     params [0.79056414 1.04637035 0.49472961 4.4800011 ]
2022-02-25 15:32:20,752 mloop.controllers    INFO     cost -20345.296875 +/- 0.0
2022-02-25 15:32:20,753 mloop.controllers    INFO     Run:67 (machine learner)
2022-02-25 15:32:20,754 mloop.controllers    INFO     params [ 1.02315976  0.         -1.65197723  2.2959843 ]
2022-02-25 15:32:24,254 mloop.controllers    INFO     cost -20325.21484375 +/- 0.0
2022-02-25 15:32:24,255 mloop.controllers    INFO     Run:68 (trainer)
2022-02-25 15:32:24,259 mloop.controllers    INFO     params [ 0.4239146   2.3216717  -0.7921368   7.44464286]
2022-02-25 15:32:27,882 mloop.controllers    INFO     cost -20347.38671875 +/- 0.0
2022-02-25 15:32:27,883 mloop.controllers    INFO     Run:69 (machine learner)
2022-02-25 15:32:27,884 mloop.controllers    INFO     params [ 1.78276979  0.         -0.98587345  1.76055627]
2022-02-25 15:32:31,378 mloop.controllers    INFO     cost -20325.21484375 +/- 0.0
2022-02-25 15:32:31,379 mloop.controllers    INFO     Run:70 (machine learner)
2022-02-25 15:32:31,381 mloop.controllers    INFO     params [ 2.10508009  3.         -0.06675289  3.71521187]
2022-02-25 15:32:34,835 mloop.controllers    INFO     cost -20328.828125 +/- 0.0
2022-02-25 15:32:34,837 mloop.controllers    INFO     Run:71 (machine learner)
2022-02-25 15:32:34,838 mloop.controllers    INFO     params [0.05891542 3.         0.94963267 4.76884724]
2022-02-25 15:32:38,311 mloop.controllers    INFO     cost -20367.3828125 +/- 0.0
2022-02-25 15:32:38,313 mloop.controllers    INFO     Run:72 (trainer)
2022-02-25 15:32:38,316 mloop.controllers    INFO     params [2.02332198 1.70480805 0.85770925 0.04008462]
2022-02-25 15:32:42,185 mloop.controllers    INFO     cost -17930.9296875 +/- 0.0
2022-02-25 15:32:42,187 mloop.controllers    INFO     Run:73 (machine learner)
2022-02-25 15:32:42,189 mloop.controllers    INFO     params [ 3.          1.44997693 -1.69687942  2.42937283]
2022-02-25 15:32:45,646 mloop.controllers    INFO     cost -20325.21484375 +/- 0.0
2022-02-25 15:32:45,647 mloop.controllers    INFO     Run:74 (machine learner)
2022-02-25 15:32:45,649 mloop.controllers    INFO     params [ 1.75692269  0.         -2.          1.81805194]
2022-02-25 15:32:49,090 mloop.controllers    INFO     cost -20325.21484375 +/- 0.0
2022-02-25 15:32:49,091 mloop.controllers    INFO     Run:75 (machine learner)
2022-02-25 15:32:49,092 mloop.controllers    INFO     params [ 0.62533299  1.70355607 -2.         10.        ]
2022-02-25 15:32:52,600 mloop.controllers    INFO     cost -20325.21484375 +/- 0.0
2022-02-25 15:32:52,602 mloop.controllers    INFO     Run:76 (trainer)
2022-02-25 15:32:52,604 mloop.controllers    INFO     params [0.97270437 2.61991013 0.99302127 2.67613991]
2022-02-25 15:32:56,209 mloop.controllers    INFO     cost -20325.21484375 +/- 0.0
2022-02-25 15:32:56,211 mloop.controllers    INFO     Run:77 (machine learner)
2022-02-25 15:32:56,212 mloop.controllers    INFO     params [0.         0.03295643 0.73659185 1.47747454]
2022-02-25 15:32:59,648 mloop.controllers    INFO     cost -20330.03515625 +/- 0.0
2022-02-25 15:32:59,649 mloop.controllers    INFO     Run:78 (machine learner)
2022-02-25 15:32:59,651 mloop.controllers    INFO     params [ 3.          0.9826252  -2.          3.73387319]
2022-02-25 15:33:03,072 mloop.controllers    INFO     cost -20325.21484375 +/- 0.0
2022-02-25 15:33:03,073 mloop.controllers    INFO     Run:79 (machine learner)
2022-02-25 15:33:03,075 mloop.controllers    INFO     params [ 0.          0.         -0.59365536  2.8115393 ]
2022-02-25 15:33:06,585 mloop.controllers    INFO     cost -20338.271484375 +/- 0.0
2022-02-25 15:33:06,586 mloop.controllers    INFO     Run:80 (trainer)
2022-02-25 15:33:06,588 mloop.controllers    INFO     params [ 0.33972954  2.13660537 -1.8146932   6.09872895]
2022-02-25 15:33:10,193 mloop.controllers    INFO     cost -20325.21484375 +/- 0.0
2022-02-25 15:33:10,194 mloop.controllers    INFO     Controller finished. Closing down M-LOOP. Please wait a moment...
2022-02-25 15:33:10,195 mloop.controllers    DEBUG    ML learner end set.
2022-02-25 15:33:12,199 mloop.controllers    DEBUG    ML learner joined
2022-02-25 15:33:12,201 mloop.controllers    DEBUG    Learner end event set.
2022-02-25 15:33:12,202 mloop.controllers    DEBUG    Interface end event set.
2022-02-25 15:33:12,207 mloop.interfaces     DEBUG    Interface ended
2022-02-25 15:33:12,646 mloop.learners.1     DEBUG    Learner end signal received. Ending
2022-02-25 15:33:12,648 mloop.controllers    DEBUG    Learner joined.
2022-02-25 15:33:12,649 mloop.controllers    DEBUG    Interface joined.
2022-02-25 15:33:12,658 mloop.controllers    INFO     Optimization ended because:-
2022-02-25 15:33:12,660 mloop.controllers    INFO     Maximum number of runs without better params reached.
2022-02-25 15:33:12,661 mloop.controllers    INFO     Results:-
2022-02-25 15:33:12,662 mloop.controllers    INFO     Best parameters found:[ 0.          0.28363803 -1.95447831 10.        ]
2022-02-25 15:33:12,664 mloop.controllers    INFO     Best cost returned:-20369.060546875 +/- 0.0
2022-02-25 15:33:12,666 mloop.controllers    INFO     Best run number:50
2022-02-25 15:33:12,670 mloop.controllers    INFO     Predicted best parameters:[ 2.59568585  3.          0.0929082  10.        ]
2022-02-25 15:33:12,675 mloop.controllers    INFO     Predicted best cost:-20613.97837250901
2022-02-25 15:33:12,678 mloop.controllers    INFO     M-LOOP Done.
